#
# A fatal error has been detected by the Java Runtime Environment:
#
#  EXCEPTION_ACCESS_VIOLATION (0xc0000005) at pc=0x0000000067cff93b, pid=9368, tid=0x00000000000024f8
#
# JRE version: OpenJDK Runtime Environment (8.0_242-b01) (build 1.8.0_242-release-1644-b01)
# Java VM: OpenJDK 64-Bit Server VM (25.242-b01 mixed mode windows-amd64 compressed oops)
# Problematic frame:
# V  [jvm.dll+0xef93b]
#
# Failed to write core dump. Minidumps are not enabled by default on client versions of Windows
#
# If you would like to submit a bug report, please visit:
#   
#

---------------  T H R E A D  ---------------

Current thread (0x000000000260c000):  GCTaskThread [stack: 0x00000000122c0000,0x00000000123c0000] [id=9464]

siginfo: ExceptionCode=0xc0000005, reading address 0x00000004dffd5150

Registers:
RAX=0x00000000123c0000, RBX=0x00000000a03bd050, RCX=0x0000000000000003, RDX=0x0000000000000001
RSP=0x00000000123bf6f0, RBP=0x00000000fe942dd8, RSI=0x00000000026db810, RDI=0x00000000026db810
R8 =0x00000004dffd5148, R9 =0x000000010002a420, R10=0x000000000000000c, R11=0x00000000681dfa28
R12=0x00000000fe942dec, R13=0x000000010002a638, R14=0x000000010002a640, R15=0x00000000fe942dc8
RIP=0x0000000067cff93b, EFLAGS=0x0000000000010206

Top of Stack: (sp=0x00000000123bf6f0)
0x00000000123bf6f0:   000000010002a420 00000000fe942cdc
0x00000000123bf700:   0000000000000005 0000000067e09622
0x00000000123bf710:   0000000000000000 000000000260c6b0
0x00000000123bf720:   00000000025feab0 00000000026db810
0x00000000123bf730:   00000000000041f8 0000000067fd9af0
0x00000000123bf740:   000000001696e000 00000000123bf859
0x00000000123bf750:   00000000026db810 000000006822d5d8
0x00000000123bf760:   0000000016954cd0 00000000123bf810
0x00000000123bf770:   0000000019fa7440 000000000000000c
0x00000000123bf780:   00000000026db810 0000000067cfe4d2
0x00000000123bf790:   00000000a006a720 0000000000000000
0x00000000123bf7a0:   0000000000000000 00000000025feab0
0x00000000123bf7b0:   000000000260c6c0 000000000260c6b0
0x00000000123bf7c0:   000000006822d5d8 00000000026db810
0x00000000123bf7d0:   0000000000000000 00000000123bf859
0x00000000123bf7e0:   0000000015f35570 0000000067fd6cc0 

Instructions: (pc=0x0000000067cff93b)
0x0000000067cff91b:   6d 00 84 d2 74 16 44 8b 43 08 8b 0d 8d 5d 67 00
0x0000000067cff92b:   49 d3 e0 4c 03 05 7b 5d 67 00 eb 04 4c 8b 43 08
0x0000000067cff93b:   45 8b 48 08 45 85 c9 7e 0c 41 f6 c1 01 75 4b 41
0x0000000067cff94b:   c1 f9 03 eb 57 79 43 84 d2 41 8b c9 b8 10 00 00 


Register to memory mapping:

RAX=0x00000000123c0000 is an unknown value
RBX=0x00000000a03bd050 is pointing into object: 0x00000000a03bd040
[Ljava.lang.Object; 
 - klass: 'java/lang/Object'[]
 - length: 2
RCX=0x0000000000000003 is an unknown value
RDX=0x0000000000000001 is an unknown value
RSP=0x00000000123bf6f0 is an unknown value
RBP=0x00000000fe942dd8 is an oop

[error occurred during error reporting (printing register info), id 0xc0000005]

Stack: [0x00000000122c0000,0x00000000123c0000],  sp=0x00000000123bf6f0,  free space=1021k
Native frames: (J=compiled Java code, j=interpreted, Vv=VM code, C=native code)
V  [jvm.dll+0xef93b]
V  [jvm.dll+0x3c9af0]
V  [jvm.dll+0x3c6cc0]
V  [jvm.dll+0x3c482e]
V  [jvm.dll+0x27276a]
C  [msvcr100.dll+0x21d9f]
C  [msvcr100.dll+0x21e3b]
C  [KERNEL32.DLL+0x17034]
C  [ntdll.dll+0x52651]


---------------  P R O C E S S  ---------------

Java Threads: ( => current thread )
  0x000000002107a000 JavaThread "Cache worker for execution history cache (D:\flutter projects\leave_management_system-master\android\.gradle\6.7\executionHistory)" [_thread_blocked, id=1040, stack(0x000000002f170000,0x000000002f270000)]
  0x000000001a517800 JavaThread "Execution worker for ':' Thread 3" [_thread_blocked, id=6644, stack(0x000000002f070000,0x000000002f170000)]
  0x000000001a50f000 JavaThread "Execution worker for ':' Thread 2" [_thread_blocked, id=12208, stack(0x000000002ef70000,0x000000002f070000)]
  0x00000000214b8000 JavaThread "Execution worker for ':'" [_thread_blocked, id=9412, stack(0x000000002ee70000,0x000000002ef70000)]
  0x0000000020f0f800 JavaThread "jar transforms Thread 226" [_thread_blocked, id=2024, stack(0x0000000039610000,0x0000000039710000)]
  0x0000000020f0f000 JavaThread "jar transforms Thread 225" [_thread_blocked, id=10016, stack(0x0000000039510000,0x0000000039610000)]
  0x0000000020f0e000 JavaThread "jar transforms Thread 224" [_thread_blocked, id=1016, stack(0x0000000039410000,0x0000000039510000)]
  0x0000000020f0d800 JavaThread "jar transforms Thread 223" [_thread_blocked, id=6832, stack(0x0000000039310000,0x0000000039410000)]
  0x0000000020f11000 JavaThread "jar transforms Thread 222" [_thread_blocked, id=6716, stack(0x0000000039210000,0x0000000039310000)]
  0x0000000020f12000 JavaThread "jar transforms Thread 221" [_thread_blocked, id=11068, stack(0x0000000039110000,0x0000000039210000)]
  0x0000000020f12800 JavaThread "jar transforms Thread 220" [_thread_blocked, id=3888, stack(0x0000000039010000,0x0000000039110000)]
  0x0000000020f06000 JavaThread "jar transforms Thread 219" [_thread_blocked, id=10412, stack(0x0000000038f10000,0x0000000039010000)]
  0x0000000020f0c800 JavaThread "jar transforms Thread 218" [_thread_blocked, id=9924, stack(0x0000000038e10000,0x0000000038f10000)]
  0x0000000020f06800 JavaThread "jar transforms Thread 217" [_thread_blocked, id=7176, stack(0x0000000038d10000,0x0000000038e10000)]
  0x0000000020f07800 JavaThread "jar transforms Thread 216" [_thread_blocked, id=8232, stack(0x0000000038c10000,0x0000000038d10000)]
  0x0000000020f05000 JavaThread "jar transforms Thread 215" [_thread_blocked, id=9192, stack(0x0000000038b10000,0x0000000038c10000)]
  0x0000000020f0c000 JavaThread "jar transforms Thread 214" [_thread_blocked, id=9652, stack(0x0000000038a10000,0x0000000038b10000)]
  0x0000000020f04800 JavaThread "jar transforms Thread 213" [_thread_blocked, id=7360, stack(0x0000000038910000,0x0000000038a10000)]
  0x0000000020f08000 JavaThread "jar transforms Thread 212" [_thread_blocked, id=11172, stack(0x0000000038810000,0x0000000038910000)]
  0x0000000020f0b000 JavaThread "jar transforms Thread 211" [_thread_blocked, id=11772, stack(0x0000000038710000,0x0000000038810000)]
  0x0000000020f0a800 JavaThread "jar transforms Thread 210" [_thread_blocked, id=2248, stack(0x0000000038610000,0x0000000038710000)]
  0x0000000020f09800 JavaThread "jar transforms Thread 209" [_thread_blocked, id=6044, stack(0x0000000038510000,0x0000000038610000)]
  0x0000000020f03800 JavaThread "jar transforms Thread 208" [_thread_blocked, id=11956, stack(0x0000000038410000,0x0000000038510000)]
  0x0000000020f09000 JavaThread "jar transforms Thread 207" [_thread_blocked, id=11948, stack(0x0000000038310000,0x0000000038410000)]
  0x000000002b07a800 JavaThread "jar transforms Thread 206" [_thread_blocked, id=10752, stack(0x0000000038210000,0x0000000038310000)]
  0x000000002b07e000 JavaThread "jar transforms Thread 205" [_thread_blocked, id=6284, stack(0x0000000038110000,0x0000000038210000)]
  0x000000002b079800 JavaThread "jar transforms Thread 204" [_thread_blocked, id=1224, stack(0x0000000038010000,0x0000000038110000)]
  0x000000002b07b000 JavaThread "jar transforms Thread 203" [_thread_blocked, id=12168, stack(0x0000000037f10000,0x0000000038010000)]
  0x000000002b07d800 JavaThread "jar transforms Thread 202" [_thread_blocked, id=8476, stack(0x0000000037e10000,0x0000000037f10000)]
  0x000000002b079000 JavaThread "jar transforms Thread 201" [_thread_blocked, id=9296, stack(0x0000000037d10000,0x0000000037e10000)]
  0x000000002b077800 JavaThread "jar transforms Thread 200" [_thread_blocked, id=5840, stack(0x0000000037c10000,0x0000000037d10000)]
  0x000000002b07c000 JavaThread "jar transforms Thread 199" [_thread_blocked, id=2324, stack(0x0000000037b10000,0x0000000037c10000)]
  0x000000002b07c800 JavaThread "jar transforms Thread 198" [_thread_blocked, id=5688, stack(0x0000000037a10000,0x0000000037b10000)]
  0x000000002b078000 JavaThread "jar transforms Thread 197" [_thread_blocked, id=7708, stack(0x0000000037910000,0x0000000037a10000)]
  0x000000002b06f800 JavaThread "jar transforms Thread 196" [_thread_blocked, id=4520, stack(0x0000000037810000,0x0000000037910000)]
  0x000000002b076800 JavaThread "jar transforms Thread 195" [_thread_blocked, id=7796, stack(0x0000000037710000,0x0000000037810000)]
  0x000000002b072000 JavaThread "jar transforms Thread 194" [_thread_blocked, id=10284, stack(0x0000000037610000,0x0000000037710000)]
  0x000000002b06f000 JavaThread "jar transforms Thread 193" [_thread_blocked, id=1872, stack(0x0000000037510000,0x0000000037610000)]
  0x000000002b076000 JavaThread "jar transforms Thread 192" [_thread_blocked, id=7228, stack(0x0000000037410000,0x0000000037510000)]
  0x000000002b072800 JavaThread "jar transforms Thread 191" [_thread_blocked, id=12204, stack(0x0000000037310000,0x0000000037410000)]
  0x000000002b075000 JavaThread "jar transforms Thread 190" [_thread_blocked, id=9052, stack(0x0000000037210000,0x0000000037310000)]
  0x000000002b073800 JavaThread "jar transforms Thread 189" [_thread_blocked, id=6488, stack(0x0000000037110000,0x0000000037210000)]
  0x000000002b070800 JavaThread "jar transforms Thread 188" [_thread_blocked, id=2516, stack(0x0000000037010000,0x0000000037110000)]
  0x000000002b074800 JavaThread "jar transforms Thread 187" [_thread_blocked, id=1984, stack(0x0000000036f10000,0x0000000037010000)]
  0x000000002b071000 JavaThread "jar transforms Thread 186" [_thread_blocked, id=11852, stack(0x0000000036e10000,0x0000000036f10000)]
  0x000000002b44b000 JavaThread "jar transforms Thread 185" [_thread_blocked, id=9392, stack(0x0000000036d10000,0x0000000036e10000)]
  0x000000002b44a800 JavaThread "jar transforms Thread 184" [_thread_blocked, id=11844, stack(0x0000000036c10000,0x0000000036d10000)]
  0x000000002b449800 JavaThread "jar transforms Thread 183" [_thread_blocked, id=3648, stack(0x0000000036b10000,0x0000000036c10000)]
  0x000000002b449000 JavaThread "jar transforms Thread 182" [_thread_blocked, id=6060, stack(0x0000000036a10000,0x0000000036b10000)]
  0x000000002b44d800 JavaThread "jar transforms Thread 181" [_thread_blocked, id=948, stack(0x0000000036910000,0x0000000036a10000)]
  0x000000002b44c000 JavaThread "jar transforms Thread 180" [_thread_blocked, id=8004, stack(0x0000000036810000,0x0000000036910000)]
  0x000000002b44c800 JavaThread "jar transforms Thread 179" [_thread_blocked, id=8084, stack(0x0000000036710000,0x0000000036810000)]
  0x000000002b448000 JavaThread "jar transforms Thread 178" [_thread_blocked, id=5288, stack(0x0000000036610000,0x0000000036710000)]
  0x000000002b440800 JavaThread "jar transforms Thread 177" [_thread_blocked, id=10344, stack(0x0000000036510000,0x0000000036610000)]
  0x000000002b447800 JavaThread "jar transforms Thread 176" [_thread_blocked, id=10248, stack(0x0000000036410000,0x0000000036510000)]
  0x000000002b443000 JavaThread "jar transforms Thread 175" [_thread_blocked, id=1336, stack(0x0000000036310000,0x0000000036410000)]
  0x000000002b446800 JavaThread "jar transforms Thread 174" [_thread_blocked, id=8280, stack(0x0000000036210000,0x0000000036310000)]
  0x000000002b443800 JavaThread "jar transforms Thread 173" [_thread_blocked, id=9544, stack(0x0000000036110000,0x0000000036210000)]
  0x000000002b446000 JavaThread "jar transforms Thread 172" [_thread_blocked, id=12076, stack(0x0000000036010000,0x0000000036110000)]
  0x000000002b442000 JavaThread "jar transforms Thread 171" [_thread_blocked, id=9656, stack(0x0000000035f10000,0x0000000036010000)]
  0x000000002b43e800 JavaThread "jar transforms Thread 170" [_thread_blocked, id=8392, stack(0x0000000035e10000,0x0000000035f10000)]
  0x000000002b444800 JavaThread "jar transforms Thread 169" [_thread_blocked, id=9920, stack(0x0000000035d10000,0x0000000035e10000)]
  0x000000002b440000 JavaThread "jar transforms Thread 168" [_thread_blocked, id=8272, stack(0x0000000035c10000,0x0000000035d10000)]
  0x000000002b441800 JavaThread "jar transforms Thread 167" [_thread_blocked, id=6464, stack(0x0000000035b10000,0x0000000035c10000)]
  0x000000002b43f000 JavaThread "jar transforms Thread 166" [_thread_blocked, id=9684, stack(0x0000000035a10000,0x0000000035b10000)]
  0x000000002b445000 JavaThread "jar transforms Thread 165" [_thread_blocked, id=5348, stack(0x0000000035910000,0x0000000035a10000)]
  0x000000001d6ca000 JavaThread "jar transforms Thread 164" [_thread_blocked, id=10696, stack(0x0000000035810000,0x0000000035910000)]
  0x000000001d6c8800 JavaThread "jar transforms Thread 163" [_thread_blocked, id=6584, stack(0x0000000035710000,0x0000000035810000)]
  0x000000001d6cd000 JavaThread "jar transforms Thread 162" [_thread_blocked, id=9428, stack(0x0000000035610000,0x0000000035710000)]
  0x000000001d6cc800 JavaThread "jar transforms Thread 161" [_thread_blocked, id=9436, stack(0x0000000035510000,0x0000000035610000)]
  0x000000001d6ce800 JavaThread "jar transforms Thread 160" [_thread_blocked, id=12180, stack(0x0000000035410000,0x0000000035510000)]
  0x000000001d6cb800 JavaThread "jar transforms Thread 159" [_thread_blocked, id=9640, stack(0x0000000035310000,0x0000000035410000)]
  0x000000001d6c9800 JavaThread "jar transforms Thread 158" [_thread_blocked, id=10216, stack(0x0000000035210000,0x0000000035310000)]
  0x000000001d6cb000 JavaThread "jar transforms Thread 157" [_thread_blocked, id=4196, stack(0x0000000035110000,0x0000000035210000)]
  0x000000001d6ce000 JavaThread "jar transforms Thread 156" [_thread_blocked, id=9956, stack(0x0000000035010000,0x0000000035110000)]
  0x000000001d6c2800 JavaThread "jar transforms Thread 155" [_thread_blocked, id=2636, stack(0x0000000034f10000,0x0000000035010000)]
  0x000000001d6c8000 JavaThread "jar transforms Thread 154" [_thread_blocked, id=11764, stack(0x0000000034e10000,0x0000000034f10000)]
  0x000000001d6c5000 JavaThread "jar transforms Thread 153" [_thread_blocked, id=10780, stack(0x0000000034d10000,0x0000000034e10000)]
  0x000000001d6c7000 JavaThread "jar transforms Thread 152" [_thread_blocked, id=7684, stack(0x0000000034c10000,0x0000000034d10000)]
  0x000000001d6c5800 JavaThread "jar transforms Thread 151" [_thread_blocked, id=2256, stack(0x0000000034b10000,0x0000000034c10000)]
  0x000000001d6c0800 JavaThread "jar transforms Thread 150" [_thread_blocked, id=7408, stack(0x0000000034a10000,0x0000000034b10000)]
  0x000000001d6c4000 JavaThread "jar transforms Thread 149" [_thread_blocked, id=10644, stack(0x0000000034910000,0x0000000034a10000)]
  0x000000001d6c2000 JavaThread "jar transforms Thread 148" [_thread_blocked, id=5596, stack(0x000000002e200000,0x000000002e300000)]
  0x000000001d6c3800 JavaThread "jar transforms Thread 147" [_thread_blocked, id=2264, stack(0x000000002dd00000,0x000000002de00000)]
  0x000000001d6bf800 JavaThread "jar transforms Thread 146" [_thread_blocked, id=1484, stack(0x000000002db00000,0x000000002dc00000)]
  0x000000001d6c6800 JavaThread "jar transforms Thread 145" [_thread_blocked, id=10304, stack(0x000000002d800000,0x000000002d900000)]
  0x000000001d6c1000 JavaThread "jar transforms Thread 144" [_thread_blocked, id=4684, stack(0x000000002d700000,0x000000002d800000)]
  0x000000001a11c800 JavaThread "jar transforms Thread 143" [_thread_blocked, id=5432, stack(0x000000002d600000,0x000000002d700000)]
  0x000000001a11b000 JavaThread "jar transforms Thread 142" [_thread_blocked, id=7424, stack(0x000000002d500000,0x000000002d600000)]
  0x000000001a11a000 JavaThread "jar transforms Thread 141" [_thread_blocked, id=6396, stack(0x000000002d400000,0x000000002d500000)]
  0x000000001a119800 JavaThread "jar transforms Thread 140" [_thread_blocked, id=7808, stack(0x000000002d300000,0x000000002d400000)]
  0x000000001a11b800 JavaThread "jar transforms Thread 139" [_thread_blocked, id=7544, stack(0x000000002d200000,0x000000002d300000)]
  0x00000000214be000 JavaThread "jar transforms Thread 138" [_thread_blocked, id=2228, stack(0x000000002d100000,0x000000002d200000)]
  0x00000000214bd800 JavaThread "jar transforms Thread 137" [_thread_blocked, id=6756, stack(0x000000002ce00000,0x000000002cf00000)]
  0x00000000214bc800 JavaThread "jar transforms Thread 136" [_thread_blocked, id=8960, stack(0x000000002cd00000,0x000000002ce00000)]
  0x00000000214b0000 JavaThread "jar transforms Thread 135" [_thread_blocked, id=6180, stack(0x000000002cc00000,0x000000002cd00000)]
  0x00000000214b4800 JavaThread "jar transforms Thread 134" [_thread_blocked, id=6364, stack(0x000000002c900000,0x000000002ca00000)]
  0x000000001a516000 JavaThread "jar transforms Thread 133" [_thread_blocked, id=12140, stack(0x000000002c800000,0x000000002c900000)]
  0x000000001a515000 JavaThread "jar transforms Thread 132" [_thread_blocked, id=8592, stack(0x000000002c700000,0x000000002c800000)]
  0x000000001a514800 JavaThread "jar transforms Thread 131" [_thread_blocked, id=3464, stack(0x000000002c600000,0x000000002c700000)]
  0x000000001a513000 JavaThread "jar transforms Thread 130" [_thread_blocked, id=10684, stack(0x000000002c500000,0x000000002c600000)]
  0x000000001a518000 JavaThread "jar transforms Thread 129" [_thread_blocked, id=6772, stack(0x000000002c400000,0x000000002c500000)]
  0x000000001a50b800 JavaThread "jar transforms Thread 128" [_thread_blocked, id=4108, stack(0x000000002aa40000,0x000000002ab40000)]
  0x000000001a510000 JavaThread "jar transforms Thread 127" [_thread_blocked, id=11300, stack(0x0000000029190000,0x0000000029290000)]
  0x000000001a512000 JavaThread "jar transforms Thread 126" [_thread_blocked, id=2880, stack(0x0000000029090000,0x0000000029190000)]
  0x000000001a50a000 JavaThread "jar transforms Thread 125" [_thread_blocked, id=4368, stack(0x0000000028f90000,0x0000000029090000)]
  0x000000001a50d800 JavaThread "jar transforms Thread 124" [_thread_blocked, id=2640, stack(0x0000000028e90000,0x0000000028f90000)]
  0x00000000186cf000 JavaThread "jar transforms Thread 123" [_thread_blocked, id=12176, stack(0x0000000028d90000,0x0000000028e90000)]
  0x00000000186d0800 JavaThread "jar transforms Thread 122" [_thread_blocked, id=12264, stack(0x0000000027c00000,0x0000000027d00000)]
  0x00000000186c7800 JavaThread "jar transforms Thread 121" [_thread_blocked, id=12256, stack(0x0000000027b00000,0x0000000027c00000)]
  0x00000000186ce800 JavaThread "jar transforms Thread 120" [_thread_blocked, id=7144, stack(0x0000000027a00000,0x0000000027b00000)]
  0x00000000186c5000 JavaThread "jar transforms Thread 119" [_thread_blocked, id=10392, stack(0x0000000027900000,0x0000000027a00000)]
  0x00000000186c6000 JavaThread "jar transforms Thread 118" [_thread_blocked, id=1300, stack(0x0000000027800000,0x0000000027900000)]
  0x00000000186ca800 JavaThread "jar transforms Thread 117" [_thread_blocked, id=9576, stack(0x0000000027440000,0x0000000027540000)]
  0x00000000186c6800 JavaThread "jar transforms Thread 116" [_thread_blocked, id=9660, stack(0x0000000027340000,0x0000000027440000)]
  0x00000000186c4800 JavaThread "jar transforms Thread 115" [_thread_blocked, id=12144, stack(0x0000000027080000,0x0000000027180000)]
  0x00000000186c9000 JavaThread "jar transforms Thread 114" [_thread_blocked, id=1424, stack(0x0000000022040000,0x0000000022140000)]
  0x00000000186c2000 JavaThread "Build operations Thread 4" [_thread_blocked, id=8448, stack(0x0000000026d80000,0x0000000026e80000)]
  0x0000000021080800 JavaThread "Build operations Thread 3" [_thread_blocked, id=8576, stack(0x0000000026c80000,0x0000000026d80000)]
  0x0000000021080000 JavaThread "Build operations Thread 2" [_thread_blocked, id=12212, stack(0x0000000022b80000,0x0000000022c80000)]
  0x0000000021084800 JavaThread "Build operations" [_thread_blocked, id=12272, stack(0x0000000022160000,0x0000000022260000)]
  0x000000002107d000 JavaThread "Cache worker for Build Output Cleanup Cache (D:\flutter projects\leave_management_system-master\android\.gradle\buildOutputCleanup)" [_thread_blocked, id=12284, stack(0x0000000021f40000,0x0000000022040000)]
  0x0000000021083800 JavaThread "jar transforms Thread 113" [_thread_blocked, id=12240, stack(0x0000000021c40000,0x0000000021d40000)]
  0x0000000021082000 JavaThread "Cache worker for cache directory md-rule (C:\Users\Muhammad Tahir\.gradle\caches\6.7\md-rule)" [_thread_blocked, id=12260, stack(0x000000001e9a0000,0x000000001eaa0000)]
  0x0000000021081800 JavaThread "Cache worker for cache directory md-supplier (C:\Users\Muhammad Tahir\.gradle\caches\6.7\md-supplier)" [_thread_blocked, id=12268, stack(0x000000001e8a0000,0x000000001e9a0000)]
  0x000000002107c000 JavaThread "Cache worker for checksums cache (D:\flutter projects\leave_management_system-master\android\.gradle\checksums)" [_thread_blocked, id=12280, stack(0x000000001bc00000,0x000000001bd00000)]
  0x0000000021078000 JavaThread "Cache worker for file hash cache (D:\flutter projects\leave_management_system-master\android\.gradle\6.7\fileHashes)" [_thread_blocked, id=11316, stack(0x000000001bb00000,0x000000001bc00000)]
  0x000000002107a800 JavaThread "Thread-161" [_thread_blocked, id=10832, stack(0x000000001ba00000,0x000000001bb00000)]
  0x0000000021079000 JavaThread "Stdin handler" [_thread_blocked, id=7560, stack(0x000000001b800000,0x000000001b900000)]
  0x0000000021077800 JavaThread "Asynchronous log dispatcher for DefaultDaemonConnection: socket connection from /127.0.0.1:64041 to /127.0.0.1:62632" [_thread_blocked, id=6944, stack(0x000000001b700000,0x000000001b800000)]
  0x000000002107e800 JavaThread "Cancel handler" [_thread_blocked, id=10400, stack(0x000000001aec0000,0x000000001afc0000)]
  0x000000002107b800 JavaThread "Handler for socket connection from /127.0.0.1:64041 to /127.0.0.1:62632" [_thread_in_native, id=2016, stack(0x00000000174b0000,0x00000000175b0000)]
  0x00000000214b0800 JavaThread "RMI TCP Connection(idle)" daemon [_thread_blocked, id=11812, stack(0x0000000022340000,0x0000000022440000)]
  0x00000000214b2000 JavaThread "RMI TCP Connection(idle)" daemon [_thread_blocked, id=11280, stack(0x0000000022740000,0x0000000022840000)]
  0x00000000214b6000 JavaThread "RMI Reaper" [_thread_blocked, id=11272, stack(0x0000000022640000,0x0000000022740000)]
  0x00000000214b3800 JavaThread "RMI TCP Accept-0" daemon [_thread_in_native, id=11268, stack(0x0000000022540000,0x0000000022640000)]
  0x00000000214b7800 JavaThread "GC Daemon" daemon [_thread_blocked, id=2188, stack(0x0000000022440000,0x0000000022540000)]
  0x00000000214b1800 JavaThread "RMI Scheduler(0)" daemon [_thread_blocked, id=10664, stack(0x0000000020470000,0x0000000020570000)]
  0x0000000021083000 JavaThread "Cache worker for Java compile cache (C:\Users\Muhammad Tahir\.gradle\caches\6.7\javaCompile)" [_thread_blocked, id=10424, stack(0x000000002dc00000,0x000000002dd00000)]
  0x00000000186c8000 JavaThread "Memory manager" [_thread_blocked, id=616, stack(0x0000000029b40000,0x0000000029c40000)]
  0x000000001a11d000 JavaThread "Cache worker for file content cache (C:\Users\Muhammad Tahir\.gradle\caches\6.7\fileContent)" [_thread_blocked, id=8496, stack(0x0000000020570000,0x0000000020670000)]
  0x000000001a117000 JavaThread "Cache worker for execution history cache (C:\Users\Muhammad Tahir\.gradle\caches\6.7\executionHistory)" [_thread_blocked, id=10980, stack(0x000000001fd70000,0x000000001fe70000)]
  0x000000001a118000 JavaThread "Cache worker for journal cache (C:\Users\Muhammad Tahir\.gradle\caches\journal-1)" [_thread_blocked, id=7032, stack(0x000000001c200000,0x000000001c300000)]
  0x000000001a118800 JavaThread "File lock request listener" [_thread_in_native, id=9136, stack(0x000000001c100000,0x000000001c200000)]
  0x000000001a07f800 JavaThread "Cache worker for file hash cache (C:\Users\Muhammad Tahir\.gradle\caches\6.7\fileHashes)" [_thread_blocked, id=9288, stack(0x000000001bf00000,0x000000001c000000)]
  0x0000000019587800 JavaThread "Daemon worker" [_thread_blocked, id=10744, stack(0x000000001b900000,0x000000001ba00000)]
  0x0000000019f57800 JavaThread "Daemon" [_thread_blocked, id=10312, stack(0x000000001b400000,0x000000001b500000)]
  0x0000000019b69800 JavaThread "Daemon periodic checks" [_thread_blocked, id=9060, stack(0x000000001b300000,0x000000001b400000)]
  0x0000000019b68000 JavaThread "Incoming local TCP Connector on port 64041" [_thread_in_native, id=10544, stack(0x000000001b0c0000,0x000000001b1c0000)]
  0x0000000017b8c800 JavaThread "Daemon health stats" [_thread_blocked, id=9988, stack(0x0000000019880000,0x0000000019980000)]
  0x0000000017ad8800 JavaThread "Service Thread" daemon [_thread_blocked, id=6244, stack(0x0000000017eb0000,0x0000000017fb0000)]
  0x00000000160b4800 JavaThread "C1 CompilerThread2" daemon [_thread_blocked, id=5664, stack(0x00000000179b0000,0x0000000017ab0000)]
  0x000000001606b000 JavaThread "C2 CompilerThread1" daemon [_thread_blocked, id=5748, stack(0x00000000178b0000,0x00000000179b0000)]
  0x0000000016067000 JavaThread "C2 CompilerThread0" daemon [_thread_blocked, id=6740, stack(0x00000000177b0000,0x00000000178b0000)]
  0x0000000016065800 JavaThread "Attach Listener" daemon [_thread_blocked, id=9588, stack(0x00000000176b0000,0x00000000177b0000)]
  0x0000000016062800 JavaThread "Signal Dispatcher" daemon [_thread_blocked, id=9584, stack(0x00000000175b0000,0x00000000176b0000)]
  0x00000000026eb800 JavaThread "Finalizer" daemon [_thread_blocked, id=7088, stack(0x00000000172b0000,0x00000000173b0000)]
  0x0000000016049000 JavaThread "Reference Handler" daemon [_thread_blocked, id=3644, stack(0x00000000171b0000,0x00000000172b0000)]
  0x0000000000c3e800 JavaThread "main" [_thread_blocked, id=9316, stack(0x00000000024f0000,0x00000000025f0000)]

Other Threads:
  0x0000000016028000 VMThread [stack: 0x00000000170b0000,0x00000000171b0000] [id=9264]
  0x0000000017ad9800 WatcherThread [stack: 0x0000000017fb0000,0x00000000180b0000] [id=9612]

=>0x000000000260c000 (exited) GCTaskThread [stack: 0x00000000122c0000,0x00000000123c0000] [id=9464]

VM state:at safepoint (normal execution)

VM Mutex/Monitor currently owned by a thread:  ([mutex/lock_event])
[0x0000000000c3d950] Threads_lock - owner thread: 0x0000000016028000
[0x0000000000c3dcd0] Heap_lock - owner thread: 0x00000000214b8000

heap address: 0x00000000a0000000, size: 1536 MB, Compressed Oops mode: 32-bit
Narrow klass base: 0x0000000000000000, Narrow klass shift: 3
Compressed class space size: 1073741824 Address: 0x0000000100000000

Heap:
 PSYoungGen      total 443904K, used 48616K [0x00000000e0000000, 0x0000000100000000, 0x0000000100000000)
  eden space 395264K, 0% used [0x00000000e0000000,0x00000000e0000000,0x00000000f8200000)
  from space 48640K, 99% used [0x00000000fd080000,0x00000000ffffa080,0x0000000100000000)
  to   space 64512K, 0% used [0x00000000f8200000,0x00000000f8200000,0x00000000fc100000)
 ParOldGen       total 276992K, used 245889K [0x00000000a0000000, 0x00000000b0e80000, 0x00000000e0000000)
  object space 276992K, 88% used [0x00000000a0000000,0x00000000af020700,0x00000000b0e80000)
 Metaspace       used 133509K, capacity 143416K, committed 143488K, reserved 1173504K
  class space    used 17966K, capacity 19833K, committed 19840K, reserved 1048576K

Card table byte_map: [0x0000000011ab0000,0x0000000011dc0000] byte_map_base: 0x00000000115b0000

Marking Bits: (ParMarkBitMap*) 0x00000000683df030
 Begin Bits: [0x00000000123c0000, 0x0000000013bc0000)
 End Bits:   [0x0000000013bc0000, 0x00000000153c0000)

Polling page: 0x0000000000bc0000

CodeCache: size=245760Kb used=63941Kb max_used=63941Kb free=181818Kb
 bounds [0x00000000026f0000, 0x00000000065c0000, 0x00000000116f0000]
 total_blobs=20116 nmethods=19171 adapters=853
 compilation: enabled

Compilation events (10 events):
Event: 165.457 Thread 0x00000000160b4800 23307       3       org.gradle.api.internal.tasks.execution.EventFiringTaskExecuter$1::description (88 bytes)
Event: 165.459 Thread 0x00000000160b4800 nmethod 23307 0x00000000065ab450 code [0x00000000065ab720, 0x00000000065ace08]
Event: 165.459 Thread 0x00000000160b4800 23308       3       org.gradle.api.internal.tasks.TaskStateInternal::setOutcome (27 bytes)
Event: 165.459 Thread 0x00000000160b4800 nmethod 23308 0x00000000060ed110 code [0x00000000060ed260, 0x00000000060ed3d0]
Event: 165.459 Thread 0x00000000160b4800 23309       3       org.gradle.api.internal.tasks.execution.ExecuteTaskBuildOperationResult::<init> (32 bytes)
Event: 165.460 Thread 0x00000000160b4800 nmethod 23309 0x00000000065ad810 code [0x00000000065ad960, 0x00000000065adb70]
Event: 165.460 Thread 0x00000000160b4800 23310   !   3       com.sun.proxy.$Proxy106::afterExecute (38 bytes)
Event: 165.460 Thread 0x00000000160b4800 nmethod 23310 0x00000000065adc50 code [0x00000000065adde0, 0x00000000065ae3f8]
Event: 165.498 Thread 0x00000000160b4800 23312       3       org.gradle.internal.fingerprint.overlap.impl.DefaultOverlappingOutputDetector::detect (84 bytes)
Event: 165.500 Thread 0x00000000160b4800 nmethod 23312 0x00000000065ae710 code [0x00000000065ae9e0, 0x00000000065affe8]

GC Heap History (10 events):
Event: 118.350 GC heap after
Heap after GC invocations=24 (full 4):
 PSYoungGen      total 389120K, used 27653K [0x00000000e0000000, 0x00000000fa900000, 0x0000000100000000)
  eden space 349184K, 0% used [0x00000000e0000000,0x00000000e0000000,0x00000000f5500000)
  from space 39936K, 69% used [0x00000000f7d80000,0x00000000f98814e0,0x00000000fa480000)
  to   space 41472K, 0% used [0x00000000f5500000,0x00000000f5500000,0x00000000f7d80000)
 ParOldGen       total 276992K, used 128831K [0x00000000a0000000, 0x00000000b0e80000, 0x00000000e0000000)
  object space 276992K, 46% used [0x00000000a0000000,0x00000000a7dcfc40,0x00000000b0e80000)
 Metaspace       used 105395K, capacity 112076K, committed 112384K, reserved 1146880K
  class space    used 14256K, capacity 15583K, committed 15616K, reserved 1048576K
}
Event: 127.309 GC heap before
{Heap before GC invocations=25 (full 4):
 PSYoungGen      total 389120K, used 370764K [0x00000000e0000000, 0x00000000fa900000, 0x0000000100000000)
  eden space 349184K, 98% used [0x00000000e0000000,0x00000000f4f11d20,0x00000000f5500000)
  from space 39936K, 69% used [0x00000000f7d80000,0x00000000f98814e0,0x00000000fa480000)
  to   space 41472K, 0% used [0x00000000f5500000,0x00000000f5500000,0x00000000f7d80000)
 ParOldGen       total 276992K, used 128831K [0x00000000a0000000, 0x00000000b0e80000, 0x00000000e0000000)
  object space 276992K, 46% used [0x00000000a0000000,0x00000000a7dcfc40,0x00000000b0e80000)
 Metaspace       used 107547K, capacity 114418K, committed 114688K, reserved 1148928K
  class space    used 14490K, capacity 15850K, committed 15872K, reserved 1048576K
Event: 127.329 GC heap after
Heap after GC invocations=25 (full 4):
 PSYoungGen      total 390656K, used 13496K [0x00000000e0000000, 0x00000000fde00000, 0x0000000100000000)
  eden space 349184K, 0% used [0x00000000e0000000,0x00000000e0000000,0x00000000f5500000)
  from space 41472K, 32% used [0x00000000f5500000,0x00000000f622e0e8,0x00000000f7d80000)
  to   space 39936K, 0% used [0x00000000fb700000,0x00000000fb700000,0x00000000fde00000)
 ParOldGen       total 276992K, used 128839K [0x00000000a0000000, 0x00000000b0e80000, 0x00000000e0000000)
  object space 276992K, 46% used [0x00000000a0000000,0x00000000a7dd1c40,0x00000000b0e80000)
 Metaspace       used 107547K, capacity 114418K, committed 114688K, reserved 1148928K
  class space    used 14490K, capacity 15850K, committed 15872K, reserved 1048576K
}
Event: 131.360 GC heap before
{Heap before GC invocations=26 (full 4):
 PSYoungGen      total 390656K, used 362680K [0x00000000e0000000, 0x00000000fde00000, 0x0000000100000000)
  eden space 349184K, 100% used [0x00000000e0000000,0x00000000f5500000,0x00000000f5500000)
  from space 41472K, 32% used [0x00000000f5500000,0x00000000f622e0e8,0x00000000f7d80000)
  to   space 39936K, 0% used [0x00000000fb700000,0x00000000fb700000,0x00000000fde00000)
 ParOldGen       total 276992K, used 128839K [0x00000000a0000000, 0x00000000b0e80000, 0x00000000e0000000)
  object space 276992K, 46% used [0x00000000a0000000,0x00000000a7dd1c40,0x00000000b0e80000)
 Metaspace       used 108042K, capacity 114924K, committed 115072K, reserved 1148928K
  class space    used 14562K, capacity 15929K, committed 16000K, reserved 1048576K
Event: 131.447 GC heap after
Heap after GC invocations=26 (full 4):
 PSYoungGen      total 449536K, used 23384K [0x00000000e0000000, 0x00000000fe080000, 0x0000000100000000)
  eden space 409600K, 0% used [0x00000000e0000000,0x00000000e0000000,0x00000000f9000000)
  from space 39936K, 58% used [0x00000000fb700000,0x00000000fcdd6080,0x00000000fde00000)
  to   space 39936K, 0% used [0x00000000f9000000,0x00000000f9000000,0x00000000fb700000)
 ParOldGen       total 276992K, used 215262K [0x00000000a0000000, 0x00000000b0e80000, 0x00000000e0000000)
  object space 276992K, 77% used [0x00000000a0000000,0x00000000ad2379d8,0x00000000b0e80000)
 Metaspace       used 108042K, capacity 114924K, committed 115072K, reserved 1148928K
  class space    used 14562K, capacity 15929K, committed 16000K, reserved 1048576K
}
Event: 154.832 GC heap before
{Heap before GC invocations=27 (full 4):
 PSYoungGen      total 449536K, used 432984K [0x00000000e0000000, 0x00000000fe080000, 0x0000000100000000)
  eden space 409600K, 100% used [0x00000000e0000000,0x00000000f9000000,0x00000000f9000000)
  from space 39936K, 58% used [0x00000000fb700000,0x00000000fcdd6080,0x00000000fde00000)
  to   space 39936K, 0% used [0x00000000f9000000,0x00000000f9000000,0x00000000fb700000)
 ParOldGen       total 276992K, used 215262K [0x00000000a0000000, 0x00000000b0e80000, 0x00000000e0000000)
  object space 276992K, 77% used [0x00000000a0000000,0x00000000ad2379d8,0x00000000b0e80000)
 Metaspace       used 127089K, capacity 135668K, committed 135808K, reserved 1167360K
  class space    used 17048K, capacity 18713K, committed 18816K, reserved 1048576K
Event: 154.907 GC heap after
Heap after GC invocations=27 (full 4):
 PSYoungGen      total 449536K, used 39907K [0x00000000e0000000, 0x0000000100000000, 0x0000000100000000)
  eden space 409600K, 0% used [0x00000000e0000000,0x00000000e0000000,0x00000000f9000000)
  from space 39936K, 99% used [0x00000000f9000000,0x00000000fb6f8cc8,0x00000000fb700000)
  to   space 48640K, 0% used [0x00000000fd080000,0x00000000fd080000,0x0000000100000000)
 ParOldGen       total 276992K, used 223259K [0x00000000a0000000, 0x00000000b0e80000, 0x00000000e0000000)
  object space 276992K, 80% used [0x00000000a0000000,0x00000000ada06c78,0x00000000b0e80000)
 Metaspace       used 127089K, capacity 135668K, committed 135808K, reserved 1167360K
  class space    used 17048K, capacity 18713K, committed 18816K, reserved 1048576K
}
Event: 165.505 GC heap before
{Heap before GC invocations=28 (full 4):
 PSYoungGen      total 449536K, used 449507K [0x00000000e0000000, 0x0000000100000000, 0x0000000100000000)
  eden space 409600K, 100% used [0x00000000e0000000,0x00000000f9000000,0x00000000f9000000)
  from space 39936K, 99% used [0x00000000f9000000,0x00000000fb6f8cc8,0x00000000fb700000)
  to   space 48640K, 0% used [0x00000000fd080000,0x00000000fd080000,0x0000000100000000)
 ParOldGen       total 276992K, used 223259K [0x00000000a0000000, 0x00000000b0e80000, 0x00000000e0000000)
  object space 276992K, 80% used [0x00000000a0000000,0x00000000ada06c78,0x00000000b0e80000)
 Metaspace       used 133509K, capacity 143416K, committed 143488K, reserved 1173504K
  class space    used 17966K, capacity 19833K, committed 19840K, reserved 1048576K
Event: 165.698 GC heap after
Heap after GC invocations=28 (full 4):
 PSYoungGen      total 443904K, used 48616K [0x00000000e0000000, 0x0000000100000000, 0x0000000100000000)
  eden space 395264K, 0% used [0x00000000e0000000,0x00000000e0000000,0x00000000f8200000)
  from space 48640K, 99% used [0x00000000fd080000,0x00000000ffffa080,0x0000000100000000)
  to   space 64512K, 0% used [0x00000000f8200000,0x00000000f8200000,0x00000000fc100000)
 ParOldGen       total 276992K, used 245889K [0x00000000a0000000, 0x00000000b0e80000, 0x00000000e0000000)
  object space 276992K, 88% used [0x00000000a0000000,0x00000000af020700,0x00000000b0e80000)
 Metaspace       used 133509K, capacity 143416K, committed 143488K, reserved 1173504K
  class space    used 17966K, capacity 19833K, committed 19840K, reserved 1048576K
}
Event: 165.698 GC heap before
{Heap before GC invocations=29 (full 5):
 PSYoungGen      total 443904K, used 48616K [0x00000000e0000000, 0x0000000100000000, 0x0000000100000000)
  eden space 395264K, 0% used [0x00000000e0000000,0x00000000e0000000,0x00000000f8200000)
  from space 48640K, 99% used [0x00000000fd080000,0x00000000ffffa080,0x0000000100000000)
  to   space 64512K, 0% used [0x00000000f8200000,0x00000000f8200000,0x00000000fc100000)
 ParOldGen       total 276992K, used 245889K [0x00000000a0000000, 0x00000000b0e80000, 0x00000000e0000000)
  object space 276992K, 88% used [0x00000000a0000000,0x00000000af020700,0x00000000b0e80000)
 Metaspace       used 133509K, capacity 143416K, committed 143488K, reserved 1173504K
  class space    used 17966K, capacity 19833K, committed 19840K, reserved 1048576K

Deoptimization events (10 events):
Event: 162.947 Thread 0x0000000021084800 Uncommon trap: reason=unstable_if action=reinterpret pc=0x00000000043b01c4 method=java.util.concurrent.ConcurrentLinkedQueue.poll()Ljava/lang/Object; @ 25
Event: 163.057 Thread 0x00000000214b8000 Uncommon trap: reason=unstable_if action=reinterpret pc=0x0000000006165758 method=org.gradle.api.internal.artifacts.ivyservice.modulecache.InMemoryModuleMetadataCache.get(Lorg/gradle/api/internal/artifacts/ivyservice/modulecache/ModuleComponentAtRepositor
Event: 163.083 Thread 0x00000000214b8000 Uncommon trap: reason=class_check action=maybe_recompile pc=0x0000000002a5d558 method=org.gradle.api.internal.artifacts.ivyservice.resolveengine.graph.builder.NodeState.getResolvedVariant()Lorg/gradle/api/artifacts/result/ResolvedVariantResult; @ 34
Event: 163.083 Thread 0x00000000214b8000 Uncommon trap: reason=class_check action=maybe_recompile pc=0x00000000060bd36c method=org.gradle.api.internal.artifacts.ivyservice.resolveengine.result.ResolvedVariantResultSerializer.writeCapabilities(Lorg/gradle/internal/serialize/Encoder;Ljava/util/Lis
Event: 163.091 Thread 0x00000000214b8000 Uncommon trap: reason=unstable_if action=reinterpret pc=0x0000000003d993f0 method=com.esotericsoftware.kryo.io.Input.readAscii()Ljava/lang/String; @ 23
Event: 163.163 Thread 0x00000000214b8000 Uncommon trap: reason=unstable_if action=reinterpret pc=0x000000000631b640 method=com.esotericsoftware.kryo.io.Output.writeBoolean(Z)V @ 8
Event: 164.232 Thread 0x0000000021080000 Uncommon trap: reason=unstable_if action=reinterpret pc=0x0000000006431db8 method=java.util.concurrent.ConcurrentLinkedQueue.updateHead(Ljava/util/concurrent/ConcurrentLinkedQueue$Node;Ljava/util/concurrent/ConcurrentLinkedQueue$Node;)V @ 11
Event: 164.238 Thread 0x0000000021084800 Uncommon trap: reason=unstable_if action=reinterpret pc=0x0000000004456b7c method=org.gradle.internal.time.MonotonicClock.advance(J)J @ 25
Event: 164.248 Thread 0x00000000186c2000 Uncommon trap: reason=unstable_if action=reinterpret pc=0x000000000343a690 method=java.util.concurrent.ConcurrentLinkedQueue.updateHead(Ljava/util/concurrent/ConcurrentLinkedQueue$Node;Ljava/util/concurrent/ConcurrentLinkedQueue$Node;)V @ 11
Event: 164.267 Thread 0x00000000214b8000 Uncommon trap: reason=unstable_if action=reinterpret pc=0x000000000301d9b0 method=com.esotericsoftware.kryo.io.Input.readAscii()Ljava/lang/String; @ 23

Classes redefined (0 events):
No events

Internal exceptions (10 events):
Event: 165.307 Thread 0x000000001a517800 Exception <a 'sun/nio/fs/WindowsException'> (0x00000000f8905760) thrown at [C:\src\AOSP-openjdk-git\hotspot\src\share\vm\prims\jni.cpp, line 710]
Event: 165.307 Thread 0x000000001a517800 Exception <a 'sun/nio/fs/WindowsException'> (0x00000000f8906c60) thrown at [C:\src\AOSP-openjdk-git\hotspot\src\share\vm\prims\jni.cpp, line 710]
Event: 165.359 Thread 0x000000001a517800 Exception <a 'sun/nio/fs/WindowsException'> (0x00000000f8c25068) thrown at [C:\src\AOSP-openjdk-git\hotspot\src\share\vm\prims\jni.cpp, line 710]
Event: 165.359 Thread 0x000000001a517800 Exception <a 'sun/nio/fs/WindowsException'> (0x00000000f8c26150) thrown at [C:\src\AOSP-openjdk-git\hotspot\src\share\vm\prims\jni.cpp, line 710]
Event: 165.359 Thread 0x000000001a517800 Exception <a 'sun/nio/fs/WindowsException'> (0x00000000f8c28498) thrown at [C:\src\AOSP-openjdk-git\hotspot\src\share\vm\prims\jni.cpp, line 710]
Event: 165.359 Thread 0x000000001a517800 Exception <a 'sun/nio/fs/WindowsException'> (0x00000000f8c295c0) thrown at [C:\src\AOSP-openjdk-git\hotspot\src\share\vm\prims\jni.cpp, line 710]
Event: 165.360 Thread 0x000000001a517800 Exception <a 'sun/nio/fs/WindowsException'> (0x00000000f8c2b908) thrown at [C:\src\AOSP-openjdk-git\hotspot\src\share\vm\prims\jni.cpp, line 710]
Event: 165.360 Thread 0x000000001a517800 Exception <a 'sun/nio/fs/WindowsException'> (0x00000000f8c2c9e8) thrown at [C:\src\AOSP-openjdk-git\hotspot\src\share\vm\prims\jni.cpp, line 710]
Event: 165.446 Thread 0x00000000214b8000 Exception <a 'sun/nio/fs/WindowsException'> (0x00000000f8d8f918) thrown at [C:\src\AOSP-openjdk-git\hotspot\src\share\vm\prims\jni.cpp, line 710]
Event: 165.446 Thread 0x00000000214b8000 Exception <a 'sun/nio/fs/WindowsException'> (0x00000000f8d90c10) thrown at [C:\src\AOSP-openjdk-git\hotspot\src\share\vm\prims\jni.cpp, line 710]

Events (10 events):
Event: 165.344 Thread 0x000000001606b000 flushing nmethod 0x0000000003f7c610
Event: 165.345 Thread 0x000000001606b000 flushing nmethod 0x00000000040cfa10
Event: 165.349 Thread 0x000000001606b000 flushing nmethod 0x00000000043af990
Event: 165.354 Thread 0x00000000160b4800 flushing nmethod 0x00000000049e17d0
Event: 165.357 Thread 0x00000000160b4800 flushing nmethod 0x0000000004f6a950
Event: 165.359 Thread 0x00000000160b4800 flushing nmethod 0x00000000051d3c90
Event: 165.360 Thread 0x00000000160b4800 flushing nmethod 0x0000000005294b50
Event: 165.367 Thread 0x000000001606b000 flushing nmethod 0x0000000005d8f550
Event: 165.372 Thread 0x00000000160b4800 flushing nmethod 0x00000000060ed110
Event: 165.504 Executing VM operation: ParallelGCFailedAllocation


Dynamic libraries:
0x00007ff76d9f0000 - 0x00007ff76da21000 	C:\Program Files\Android\Android Studio\jre\bin\java.exe
0x00007ffb2a610000 - 0x00007ffb2a805000 	C:\Windows\SYSTEM32\ntdll.dll
0x00007ffb29500000 - 0x00007ffb295bd000 	C:\Windows\System32\KERNEL32.DLL
0x00007ffb27e90000 - 0x00007ffb28158000 	C:\Windows\System32\KERNELBASE.dll
0x00007ffb29d40000 - 0x00007ffb29dec000 	C:\Windows\System32\ADVAPI32.dll
0x00007ffb29df0000 - 0x00007ffb29e8e000 	C:\Windows\System32\msvcrt.dll
0x00007ffb297c0000 - 0x00007ffb2985b000 	C:\Windows\System32\sechost.dll
0x00007ffb28820000 - 0x00007ffb2894b000 	C:\Windows\System32\RPCRT4.dll
0x00007ffb28dd0000 - 0x00007ffb28f70000 	C:\Windows\System32\USER32.dll
0x00007ffb27e60000 - 0x00007ffb27e82000 	C:\Windows\System32\win32u.dll
0x00007ffb28f70000 - 0x00007ffb28f9a000 	C:\Windows\System32\GDI32.dll
0x00007ffb28210000 - 0x00007ffb2831b000 	C:\Windows\System32\gdi32full.dll
0x00007ffb285e0000 - 0x00007ffb2867d000 	C:\Windows\System32\msvcp_win.dll
0x00007ffb28320000 - 0x00007ffb28420000 	C:\Windows\System32\ucrtbase.dll
0x00007ffb1b3b0000 - 0x00007ffb1b64a000 	C:\Windows\WinSxS\amd64_microsoft.windows.common-controls_6595b64144ccf1df_6.0.19041.1052_none_60b8f8fd71f5e8cb\COMCTL32.dll
0x00007ffb299f0000 - 0x00007ffb29a20000 	C:\Windows\System32\IMM32.DLL
0x0000000067a50000 - 0x0000000067b22000 	C:\Program Files\Android\Android Studio\jre\jre\bin\msvcr100.dll
0x0000000067c10000 - 0x000000006845b000 	C:\Program Files\Android\Android Studio\jre\jre\bin\server\jvm.dll
0x00007ffb28690000 - 0x00007ffb28698000 	C:\Windows\System32\PSAPI.DLL
0x00007ffb22590000 - 0x00007ffb22599000 	C:\Windows\SYSTEM32\WSOCK32.dll
0x00007ffb29620000 - 0x00007ffb2968b000 	C:\Windows\System32\WS2_32.dll
0x00007ffb1eae0000 - 0x00007ffb1eb07000 	C:\Windows\SYSTEM32\WINMM.dll
0x00007ffb1d060000 - 0x00007ffb1d06a000 	C:\Windows\SYSTEM32\VERSION.dll
0x00007ffb22580000 - 0x00007ffb2258f000 	C:\Program Files\Android\Android Studio\jre\jre\bin\verify.dll
0x00007ffb0d060000 - 0x00007ffb0d089000 	C:\Program Files\Android\Android Studio\jre\jre\bin\java.dll
0x00007ffb11440000 - 0x00007ffb11456000 	C:\Program Files\Android\Android Studio\jre\jre\bin\zip.dll
0x00007ffb29e90000 - 0x00007ffb2a5cf000 	C:\Windows\System32\SHELL32.dll
0x00007ffb25ea0000 - 0x00007ffb26630000 	C:\Windows\SYSTEM32\windows.storage.dll
0x00007ffb290f0000 - 0x00007ffb29445000 	C:\Windows\System32\combase.dll
0x00007ffb276f0000 - 0x00007ffb2771c000 	C:\Windows\SYSTEM32\Wldp.dll
0x00007ffb29940000 - 0x00007ffb299ee000 	C:\Windows\System32\SHCORE.dll
0x00007ffb29c60000 - 0x00007ffb29cb5000 	C:\Windows\System32\shlwapi.dll
0x00007ffb27c90000 - 0x00007ffb27caf000 	C:\Windows\SYSTEM32\profapi.dll
0x00007ffb0d7a0000 - 0x00007ffb0d7ba000 	C:\Program Files\Android\Android Studio\jre\jre\bin\net.dll
0x00007ffb27460000 - 0x00007ffb274ca000 	C:\Windows\system32\mswsock.dll
0x00007ffb0d040000 - 0x00007ffb0d053000 	C:\Program Files\Android\Android Studio\jre\jre\bin\nio.dll
0x00007ffb1ec40000 - 0x00007ffb1ec66000 	C:\Users\Muhammad Tahir\.gradle\native\fdc75f09e3144964f2cf3f50f0aa648679c211496f362492102eb8c894070792\windows-amd64\native-platform.dll
0x00007ffb16fa0000 - 0x00007ffb17131000 	C:\Users\Muhammad Tahir\.gradle\native\12488b8bf47d2d4c9fbf2f6322a914ad602e24e48041cd04a747c6da556b65c4\windows-amd64\native-platform-file-events.dll
0x00007ffb22570000 - 0x00007ffb2257d000 	C:\Program Files\Android\Android Studio\jre\jre\bin\management.dll
0x00007ffb27640000 - 0x00007ffb27658000 	C:\Windows\SYSTEM32\CRYPTSP.dll
0x00007ffb26e00000 - 0x00007ffb26e34000 	C:\Windows\system32\rsaenh.dll
0x00007ffb27d50000 - 0x00007ffb27d77000 	C:\Windows\System32\bcrypt.dll
0x00007ffb27c50000 - 0x00007ffb27c7e000 	C:\Windows\SYSTEM32\USERENV.dll
0x00007ffb27d80000 - 0x00007ffb27e03000 	C:\Windows\System32\bcryptprimitives.dll
0x00007ffb27630000 - 0x00007ffb2763c000 	C:\Windows\SYSTEM32\CRYPTBASE.dll
0x00007ffb27150000 - 0x00007ffb2718b000 	C:\Windows\SYSTEM32\IPHLPAPI.DLL
0x00007ffb28dc0000 - 0x00007ffb28dc8000 	C:\Windows\System32\NSI.dll
0x00007ffb1fb40000 - 0x00007ffb1fb57000 	C:\Windows\SYSTEM32\dhcpcsvc6.DLL
0x00007ffb20a80000 - 0x00007ffb20a9d000 	C:\Windows\SYSTEM32\dhcpcsvc.DLL
0x00007ffb27190000 - 0x00007ffb2725c000 	C:\Windows\SYSTEM32\DNSAPI.dll
0x00007ffb21260000 - 0x00007ffb2126b000 	C:\Windows\SYSTEM32\WINNSI.DLL
0x00007ffb26a90000 - 0x00007ffb26ac3000 	C:\Windows\SYSTEM32\ntmarta.dll
0x00007ffb1eb10000 - 0x00007ffb1eb2e000 	C:\Users\Muhammad Tahir\AppData\Local\Temp\native-platform7025507029842722724dir\native-platform.dll
0x00007ffb221d0000 - 0x00007ffb223b4000 	C:\Windows\SYSTEM32\dbghelp.dll

VM Arguments:
jvm_args: -Xmx1536M -Dfile.encoding=windows-1252 -Duser.country=US -Duser.language=en -Duser.variant 
java_command: org.gradle.launcher.daemon.bootstrap.GradleDaemon 6.7
java_class_path (initial): C:\Users\Muhammad Tahir\.gradle\wrapper\dists\gradle-6.7-all\cuy9mc7upwgwgeb72wkcrupxe\gradle-6.7\lib\gradle-launcher-6.7.jar
Launcher Type: SUN_STANDARD

Environment Variables:
JAVA_HOME=C:\Program Files\Android\Android Studio\jre
CLASSPATH=D:\flutter projects\leave_management_system-master\android\\gradle\wrapper\gradle-wrapper.jar
PATH=C:\Windows\system32;C:\Windows;C:\Windows\System32\Wbem;C:\Windows\System32\WindowsPowerShell\v1.0\;C:\Windows\System32\OpenSSH\;C:\Program Files\Git\cmd;D:\dart-sdk\bin;C:\Program Files\dotnet\;C:\Users\Muhammad Tahir\AppData\Local\Microsoft\WindowsApps;C:\src\flutter\bin;C:\Users\Muhammad Tahir\AppData\Local\Programs\Microsoft VS Code\bin;C:\Users\Muhammad Tahir\AppData\Local\GitHubDesktop\bin;C:\Users\Muhammad Tahir\.dotnet\tools;C:\tools\dart-sdk\bin;;C:\src\flutter\bin\mingit\cmd
USERNAME=Muhammad Tahir
OS=Windows_NT
PROCESSOR_IDENTIFIER=Intel64 Family 6 Model 58 Stepping 9, GenuineIntel



---------------  S Y S T E M  ---------------

OS: Windows 10.0 , 64 bit Build 19041 (10.0.19041.1023)

CPU:total 4 (initial active 4) (2 cores per cpu, 2 threads per core) family 6 model 58 stepping 9, cmov, cx8, fxsr, mmx, sse, sse2, sse3, ssse3, sse4.1, sse4.2, popcnt, avx, clmul, erms, ht, tsc, tscinvbit, tscinv

Memory: 4k page, physical 8277808k(2171288k free), swap 11161392k(4240616k free)

vm_info: OpenJDK 64-Bit Server VM (25.242-b01) for windows-amd64 JRE (1.8.0_242-release-1644-b01), built by "builder" with MS VC++ 10.0 (VS2010)

time: Sat Jun 26 21:15:31 2021
timezone: Pacific Daylight Time
elapsed time: 165 seconds (0d 0h 2m 45s)

